Using pre-set license
Built from '2020.3/staging' branch; Version is '2020.3.22f1 (e1a7f79fd887) revision 14788599'; Using compiler version '192528614'; Build Type 'Release'
OS: 'Windows 10 Home Single Language; OS build 22000.348; Version 2009; 64bit' Language: 'en' Physical Memory: 6091 MB
BatchMode: 1, IsHumanControllingUs: 0, StartBugReporterOnCrash: 0, Is64bit: 1, IsPro: 0

COMMAND LINE ARGUMENTS:
C:\Program Files\Unity\Hub\Editor\2020.3.22f1\Editor\Unity.exe
-adb2
-batchMode
-noUpm
-name
AssetImportWorker0
-projectPath
E:/cs222/lab1/Lab1_2
-logFile
Logs/AssetImportWorker0.log
-srvPort
57210
Successfully changed project path to: E:/cs222/lab1/Lab1_2
E:/cs222/lab1/Lab1_2
Using Asset Import Pipeline V2.
Refreshing native plugins compatible for Editor in 56.12 ms, found 2 plugins.
Preloading 0 native plugins for Editor in 0.00 ms.
Initialize engine version: 2020.3.22f1 (e1a7f79fd887)
[Subsystems] Discovering subsystems at path C:/Program Files/Unity/Hub/Editor/2020.3.22f1/Editor/Data/Resources/UnitySubsystems
[Subsystems] Discovering subsystems at path E:/cs222/lab1/Lab1_2/Assets
GfxDevice: creating device client; threaded=0
Direct3D:
    Version:  Direct3D 11.0 [level 11.1]
    Renderer: NVIDIA GeForce GTX 1050 (ID=0x1c92)
    Vendor:   
    VRAM:     4021 MB
    Driver:   30.0.14.9676
Initialize mono
Mono path[0] = 'C:/Program Files/Unity/Hub/Editor/2020.3.22f1/Editor/Data/Managed'
Mono path[1] = 'C:/Program Files/Unity/Hub/Editor/2020.3.22f1/Editor/Data/MonoBleedingEdge/lib/mono/unityjit'
Mono config path = 'C:/Program Files/Unity/Hub/Editor/2020.3.22f1/Editor/Data/MonoBleedingEdge/etc'
Using monoOptions --debugger-agent=transport=dt_socket,embedding=1,server=y,suspend=n,address=127.0.0.1:56652
Begin MonoManager ReloadAssembly
Registering precompiled unity dll's ...
Register platform support module: C:/Program Files/Unity/Hub/Editor/2020.3.22f1/Editor/Data/PlaybackEngines/WebGLSupport/UnityEditor.WebGL.Extensions.dll
Register platform support module: C:/Program Files/Unity/Hub/Editor/2020.3.22f1/Editor/Data/PlaybackEngines/WindowsStandaloneSupport/UnityEditor.WindowsStandalone.Extensions.dll
Registered in 0.006033 seconds.
Native extension for WindowsStandalone target not found
Native extension for WebGL target not found
Refreshing native plugins compatible for Editor in 53.91 ms, found 2 plugins.
Preloading 0 native plugins for Editor in 0.00 ms.
Mono: successfully reloaded assembly
- Completed reload, in  6.760 seconds
Domain Reload Profiling:
	ReloadAssembly (6760ms)
		BeginReloadAssembly (86ms)
			ExecutionOrderSort (0ms)
			DisableScriptedObjects (0ms)
			BackupInstance (0ms)
			ReleaseScriptingObjects (0ms)
			CreateAndSetChildDomain (1ms)
		EndReloadAssembly (897ms)
			LoadAssemblies (84ms)
			RebuildTransferFunctionScriptingTraits (0ms)
			SetupTypeCache (235ms)
			ReleaseScriptCaches (0ms)
			RebuildScriptCaches (107ms)
			SetupLoadedEditorAssemblies (366ms)
				LogAssemblyErrors (0ms)
				InitializePlatformSupportModulesInManaged (15ms)
				SetLoadedEditorAssemblies (0ms)
				RefreshPlugins (54ms)
				BeforeProcessingInitializeOnLoad (24ms)
				ProcessInitializeOnLoadAttributes (220ms)
				ProcessInitializeOnLoadMethodAttributes (52ms)
				AfterProcessingInitializeOnLoad (0ms)
				EditorAssembliesLoaded (0ms)
			ExecutionOrderSort2 (0ms)
			AwakeInstancesAfterBackupRestoration (0ms)
Platform modules already initialized, skipping
Registering precompiled user dll's ...
Registered in 0.010116 seconds.
Begin MonoManager ReloadAssembly
Native extension for WindowsStandalone target not found
Native extension for WebGL target not found
Refreshing native plugins compatible for Editor in 1.36 ms, found 2 plugins.
Preloading 0 native plugins for Editor in 0.00 ms.
Mono: successfully reloaded assembly
- Completed reload, in  1.885 seconds
Domain Reload Profiling:
	ReloadAssembly (1887ms)
		BeginReloadAssembly (247ms)
			ExecutionOrderSort (0ms)
			DisableScriptedObjects (7ms)
			BackupInstance (0ms)
			ReleaseScriptingObjects (0ms)
			CreateAndSetChildDomain (32ms)
		EndReloadAssembly (1535ms)
			LoadAssemblies (157ms)
			RebuildTransferFunctionScriptingTraits (0ms)
			SetupTypeCache (455ms)
			ReleaseScriptCaches (1ms)
			RebuildScriptCaches (70ms)
			SetupLoadedEditorAssemblies (643ms)
				LogAssemblyErrors (0ms)
				InitializePlatformSupportModulesInManaged (12ms)
				SetLoadedEditorAssemblies (1ms)
				RefreshPlugins (2ms)
				BeforeProcessingInitializeOnLoad (145ms)
				ProcessInitializeOnLoadAttributes (459ms)
				ProcessInitializeOnLoadMethodAttributes (16ms)
				AfterProcessingInitializeOnLoad (9ms)
				EditorAssembliesLoaded (0ms)
			ExecutionOrderSort2 (0ms)
			AwakeInstancesAfterBackupRestoration (14ms)
Platform modules already initialized, skipping
========================================================================
Worker process is ready to serve import requests
Launched and connected shader compiler UnityShaderCompiler.exe after 0.10 seconds
Refreshing native plugins compatible for Editor in 0.81 ms, found 2 plugins.
Preloading 0 native plugins for Editor in 0.00 ms.
Unloading 1488 Unused Serialized files (Serialized files now loaded: 0)
System memory in use before: 67.1 MB.
System memory in use after: 67.1 MB.

Unloading 19 unused Assets to reduce memory usage. Loaded Objects now: 1920.
Total: 6.353200 ms (FindLiveObjects: 0.554200 ms CreateObjectMapping: 0.223600 ms MarkObjects: 5.460600 ms  DeleteObjects: 0.112500 ms)

AssetImportParameters requested are different than current active one (requested -> active):
  custom:framework-win-MediaFoundation: 216162199b28c13a410421893ffa2e32 -> 
  custom:video-decoder-ogg-theora: a1e56fd34408186e4bbccfd4996cb3dc -> 
  custom:container-muxer-webm: aa71ff27fc2769a1b78a27578f13a17b -> 
  custom:container-demuxer-webm: 4f35f7cbe854078d1ac9338744f61a02 -> 
  custom:container-demuxer-ogg: 62fdf1f143b41e24485cea50d1cbac27 -> 
  custom:video-encoder-webm-vp8: eb34c28f22e8b96e1ab97ce403110664 -> 
  custom:video-decoder-webm-vp8: 9c59270c3fd7afecdb556c50c9e8de78 -> 
  custom:audio-decoder-ogg-vorbis: bf7c407c2cedff20999df2af8eb42d56 -> 
  custom:audio-encoder-webm-vorbis: bf7c407c2cedff20999df2af8eb42d56 -> 
========================================================================
Received Import Request.
  path: Assets
  artifactKey: Guid(00000000000000001000000000000000) Importer(815301076,1909f56bfc062723c751e8b465ee728b)
Start importing Assets using Guid(00000000000000001000000000000000) Importer(815301076,1909f56bfc062723c751e8b465ee728b)  -> (artifact id: '42d402b061de3733987d63b9cc3b64de') in 0.022884 seconds 
  Import took 0.027965 seconds .

========================================================================
Received Prepare
Registering precompiled user dll's ...
Registered in 0.003550 seconds.
Begin MonoManager ReloadAssembly
Native extension for WindowsStandalone target not found
Native extension for WebGL target not found
Refreshing native plugins compatible for Editor in 0.45 ms, found 2 plugins.
Preloading 0 native plugins for Editor in 0.00 ms.
Mono: successfully reloaded assembly
- Completed reload, in  1.646 seconds
Domain Reload Profiling:
	ReloadAssembly (1647ms)
		BeginReloadAssembly (203ms)
			ExecutionOrderSort (0ms)
			DisableScriptedObjects (12ms)
			BackupInstance (0ms)
			ReleaseScriptingObjects (0ms)
			CreateAndSetChildDomain (66ms)
		EndReloadAssembly (1339ms)
			LoadAssemblies (179ms)
			RebuildTransferFunctionScriptingTraits (0ms)
			SetupTypeCache (506ms)
			ReleaseScriptCaches (1ms)
			RebuildScriptCaches (61ms)
			SetupLoadedEditorAssemblies (458ms)
				LogAssemblyErrors (0ms)
				InitializePlatformSupportModulesInManaged (9ms)
				SetLoadedEditorAssemblies (1ms)
				RefreshPlugins (1ms)
				BeforeProcessingInitializeOnLoad (84ms)
				ProcessInitializeOnLoadAttributes (344ms)
				ProcessInitializeOnLoadMethodAttributes (12ms)
				AfterProcessingInitializeOnLoad (8ms)
				EditorAssembliesLoaded (0ms)
			ExecutionOrderSort2 (0ms)
			AwakeInstancesAfterBackupRestoration (10ms)
Platform modules already initialized, skipping
Refreshing native plugins compatible for Editor in 0.57 ms, found 2 plugins.
Preloading 0 native plugins for Editor in 0.00 ms.
Unloading 1490 Unused Serialized files (Serialized files now loaded: 0)
System memory in use before: 67.1 MB.
System memory in use after: 67.2 MB.

Unloading 14 unused Assets to reduce memory usage. Loaded Objects now: 1930.
Total: 5.306700 ms (FindLiveObjects: 0.314800 ms CreateObjectMapping: 0.071700 ms MarkObjects: 4.886100 ms  DeleteObjects: 0.030800 ms)

AssetImportParameters requested are different than current active one (requested -> active):
  custom:framework-win-MediaFoundation: 216162199b28c13a410421893ffa2e32 -> 
  custom:video-decoder-ogg-theora: a1e56fd34408186e4bbccfd4996cb3dc -> 
  custom:container-muxer-webm: aa71ff27fc2769a1b78a27578f13a17b -> 
  custom:container-demuxer-webm: 4f35f7cbe854078d1ac9338744f61a02 -> 
  custom:container-demuxer-ogg: 62fdf1f143b41e24485cea50d1cbac27 -> 
  custom:video-encoder-webm-vp8: eb34c28f22e8b96e1ab97ce403110664 -> 
  custom:video-decoder-webm-vp8: 9c59270c3fd7afecdb556c50c9e8de78 -> 
  custom:audio-decoder-ogg-vorbis: bf7c407c2cedff20999df2af8eb42d56 -> 
  custom:audio-encoder-webm-vorbis: bf7c407c2cedff20999df2af8eb42d56 -> 
========================================================================
Received Import Request.
  Time since last request: 193.539527 seconds.
  path: Assets/Prefabs/Block.prefab
  artifactKey: Guid(14eab43a4dbcbac48b2aa122eca392aa) Importer(815301076,1909f56bfc062723c751e8b465ee728b)
Start importing Assets/Prefabs/Block.prefab using Guid(14eab43a4dbcbac48b2aa122eca392aa) Importer(815301076,1909f56bfc062723c751e8b465ee728b)  -> (artifact id: 'f9d9444b938bffa8265195050fb0f011') in 0.612622 seconds 
  Import took 0.617971 seconds .

========================================================================
Received Import Request.
  Time since last request: 0.000304 seconds.
  path: Assets/Prefabs/Robot.prefab
  artifactKey: Guid(2928bcc1ecabce74fbaafdf6f3891bb7) Importer(815301076,1909f56bfc062723c751e8b465ee728b)
Start importing Assets/Prefabs/Robot.prefab using Guid(2928bcc1ecabce74fbaafdf6f3891bb7) Importer(815301076,1909f56bfc062723c751e8b465ee728b)  -> (artifact id: '9c18ad4f7c9e6bce18880d683b024d3a') in 0.044753 seconds 
  Import took 0.051462 seconds .

========================================================================
Received Import Request.
  Time since last request: 0.000283 seconds.
  path: Assets/Prefabs/Robot Wrecked.prefab
  artifactKey: Guid(9c26a79b6cdbe634b937cdf99831244f) Importer(815301076,1909f56bfc062723c751e8b465ee728b)
Start importing Assets/Prefabs/Robot Wrecked.prefab using Guid(9c26a79b6cdbe634b937cdf99831244f) Importer(815301076,1909f56bfc062723c751e8b465ee728b)  -> (artifact id: 'b9499a28e6d394257ac5e08e2f1bacab') in 0.033120 seconds 
  Import took 0.038914 seconds .

========================================================================
Received Import Request.
  Time since last request: 0.000518 seconds.
  path: Assets/Prefabs/Explosion.prefab
  artifactKey: Guid(c0df82697f6c294458997cefcfd68250) Importer(815301076,1909f56bfc062723c751e8b465ee728b)
Start importing Assets/Prefabs/Explosion.prefab using Guid(c0df82697f6c294458997cefcfd68250) Importer(815301076,1909f56bfc062723c751e8b465ee728b)  -> (artifact id: 'ccf8d3febeb36e64527b0354063b94f9') in 0.168716 seconds 
  Import took 0.173109 seconds .

========================================================================
Received Import Request.
  Time since last request: 0.000218 seconds.
  path: Assets/Prefabs/Projectile.prefab
  artifactKey: Guid(4fcad48aac3fb964795ed8b4d871e188) Importer(815301076,1909f56bfc062723c751e8b465ee728b)
Start importing Assets/Prefabs/Projectile.prefab using Guid(4fcad48aac3fb964795ed8b4d871e188) Importer(815301076,1909f56bfc062723c751e8b465ee728b)  -> (artifact id: '5ab7feb61415437b39029d04ef270b2c') in 0.377395 seconds 
  Import took 0.381590 seconds .

========================================================================
Received Import Request.
  Time since last request: 0.000281 seconds.
  path: Assets/Prefabs/Turret.prefab
  artifactKey: Guid(8e099f0dcf5affe468105faa2a26a668) Importer(815301076,1909f56bfc062723c751e8b465ee728b)
Start importing Assets/Prefabs/Turret.prefab using Guid(8e099f0dcf5affe468105faa2a26a668) Importer(815301076,1909f56bfc062723c751e8b465ee728b)  -> (artifact id: '42335c0e9725fab7afa0712f4c15bfcc') in 0.032860 seconds 
  Import took 0.038394 seconds .

========================================================================
Received Import Request.
  Time since last request: 839.511530 seconds.
  path: Assets/Textures/Checker.png
  artifactKey: Guid(8722a34905f488749bd277e9c485c895) Importer(815301076,1909f56bfc062723c751e8b465ee728b)
Start importing Assets/Textures/Checker.png using Guid(8722a34905f488749bd277e9c485c895) Importer(815301076,1909f56bfc062723c751e8b465ee728b)  -> (artifact id: '36c3646bfb3e2870a2ceb3a92e0a53d1') in 0.083951 seconds 
  Import took 0.089281 seconds .

========================================================================
Received Import Request.
  Time since last request: 0.000253 seconds.
  path: Assets/Textures/White Square.png
  artifactKey: Guid(4ddeb52d7523a244f9d9b2d6b90fde5d) Importer(815301076,1909f56bfc062723c751e8b465ee728b)
Start importing Assets/Textures/White Square.png using Guid(4ddeb52d7523a244f9d9b2d6b90fde5d) Importer(815301076,1909f56bfc062723c751e8b465ee728b)  -> (artifact id: '88c1d643c83784673b2d1a9f7d01ab0b') in 0.031478 seconds 
  Import took 0.037298 seconds .

========================================================================
Received Import Request.
  Time since last request: 0.000367 seconds.
  path: Assets/Textures/Damaged Square.png
  artifactKey: Guid(7f3c85a8599f24541adcc3226576dbf1) Importer(815301076,1909f56bfc062723c751e8b465ee728b)
Start importing Assets/Textures/Damaged Square.png using Guid(7f3c85a8599f24541adcc3226576dbf1) Importer(815301076,1909f56bfc062723c751e8b465ee728b)  -> (artifact id: '76c8698fb73027776ecb1d2272db9eb9') in 0.023439 seconds 
  Import took 0.028698 seconds .

========================================================================
Received Import Request.
  Time since last request: 204.553418 seconds.
  path: Assets/Scripts/Wall.cs
  artifactKey: Guid(9aa2d4d4ec5a04846a7e5da8b193bd37) Importer(815301076,1909f56bfc062723c751e8b465ee728b)
Start importing Assets/Scripts/Wall.cs using Guid(9aa2d4d4ec5a04846a7e5da8b193bd37) Importer(815301076,1909f56bfc062723c751e8b465ee728b)  -> (artifact id: 'd4371b5cf5715d36f5077511cda6cb5e') in 0.363624 seconds 
  Import took 0.368712 seconds .

========================================================================
Received Prepare
Registering precompiled user dll's ...
Registered in 0.014734 seconds.
Begin MonoManager ReloadAssembly
Native extension for WindowsStandalone target not found
Native extension for WebGL target not found
Refreshing native plugins compatible for Editor in 1.42 ms, found 2 plugins.
Preloading 0 native plugins for Editor in 0.00 ms.
Mono: successfully reloaded assembly
- Completed reload, in  2.114 seconds
Domain Reload Profiling:
	ReloadAssembly (2115ms)
		BeginReloadAssembly (255ms)
			ExecutionOrderSort (0ms)
			DisableScriptedObjects (9ms)
			BackupInstance (0ms)
			ReleaseScriptingObjects (0ms)
			CreateAndSetChildDomain (91ms)
		EndReloadAssembly (1709ms)
			LoadAssemblies (214ms)
			RebuildTransferFunctionScriptingTraits (0ms)
			SetupTypeCache (649ms)
			ReleaseScriptCaches (1ms)
			RebuildScriptCaches (97ms)
			SetupLoadedEditorAssemblies (563ms)
				LogAssemblyErrors (0ms)
				InitializePlatformSupportModulesInManaged (15ms)
				SetLoadedEditorAssemblies (1ms)
				RefreshPlugins (2ms)
				BeforeProcessingInitializeOnLoad (113ms)
				ProcessInitializeOnLoadAttributes (407ms)
				ProcessInitializeOnLoadMethodAttributes (16ms)
				AfterProcessingInitializeOnLoad (8ms)
				EditorAssembliesLoaded (0ms)
			ExecutionOrderSort2 (0ms)
			AwakeInstancesAfterBackupRestoration (13ms)
Platform modules already initialized, skipping
Refreshing native plugins compatible for Editor in 0.50 ms, found 2 plugins.
Preloading 0 native plugins for Editor in 0.00 ms.
Unloading 1490 Unused Serialized files (Serialized files now loaded: 0)
System memory in use before: 70.5 MB.
System memory in use after: 70.7 MB.

Unloading 16 unused Assets to reduce memory usage. Loaded Objects now: 1946.
Total: 8.701000 ms (FindLiveObjects: 0.788000 ms CreateObjectMapping: 0.323000 ms MarkObjects: 7.504500 ms  DeleteObjects: 0.083200 ms)

AssetImportParameters requested are different than current active one (requested -> active):
  custom:framework-win-MediaFoundation: 216162199b28c13a410421893ffa2e32 -> 
  custom:video-decoder-ogg-theora: a1e56fd34408186e4bbccfd4996cb3dc -> 
  custom:container-muxer-webm: aa71ff27fc2769a1b78a27578f13a17b -> 
  custom:container-demuxer-webm: 4f35f7cbe854078d1ac9338744f61a02 -> 
  custom:container-demuxer-ogg: 62fdf1f143b41e24485cea50d1cbac27 -> 
  custom:video-encoder-webm-vp8: eb34c28f22e8b96e1ab97ce403110664 -> 
  custom:video-decoder-webm-vp8: 9c59270c3fd7afecdb556c50c9e8de78 -> 
  custom:audio-decoder-ogg-vorbis: bf7c407c2cedff20999df2af8eb42d56 -> 
  custom:audio-encoder-webm-vorbis: bf7c407c2cedff20999df2af8eb42d56 -> 
========================================================================
Received Import Request.
  Time since last request: 1246.635325 seconds.
  path: Assets/Materials/Block.mat
  artifactKey: Guid(7fab5d6ef25ea5c4e8c7e7313567dc6a) Importer(815301076,1909f56bfc062723c751e8b465ee728b)
Start importing Assets/Materials/Block.mat using Guid(7fab5d6ef25ea5c4e8c7e7313567dc6a) Importer(815301076,1909f56bfc062723c751e8b465ee728b)  -> (artifact id: '9d2126eeede818e7371b8c358d04b5bf') in 0.148378 seconds 
  Import took 0.153843 seconds .

========================================================================
Received Import Request.
  Time since last request: 0.000341 seconds.
  path: Assets/Materials/Floor.mat
  artifactKey: Guid(d9c1b4c536ef29045ba107e48b1dc54e) Importer(815301076,1909f56bfc062723c751e8b465ee728b)
Start importing Assets/Materials/Floor.mat using Guid(d9c1b4c536ef29045ba107e48b1dc54e) Importer(815301076,1909f56bfc062723c751e8b465ee728b)  -> (artifact id: '6ea64cb6022657ea704d3c6cd88125e5') in 0.039887 seconds 
  Import took 0.045137 seconds .

========================================================================
Received Import Request.
  Time since last request: 0.000272 seconds.
  path: Assets/Materials/Projectile.mat
  artifactKey: Guid(63fe948de733e7b499cdd58a7a0e17da) Importer(815301076,1909f56bfc062723c751e8b465ee728b)
Start importing Assets/Materials/Projectile.mat using Guid(63fe948de733e7b499cdd58a7a0e17da) Importer(815301076,1909f56bfc062723c751e8b465ee728b)  -> (artifact id: '2bd78b54c60aa2d078df9c33b3d275d5') in 0.033316 seconds 
  Import took 0.040339 seconds .

========================================================================
Received Import Request.
  Time since last request: 0.000332 seconds.
  path: Assets/Materials/Robot.mat
  artifactKey: Guid(5b7808566d3acb5439832f58b7b9493e) Importer(815301076,1909f56bfc062723c751e8b465ee728b)
Start importing Assets/Materials/Robot.mat using Guid(5b7808566d3acb5439832f58b7b9493e) Importer(815301076,1909f56bfc062723c751e8b465ee728b)  -> (artifact id: '24ebc20e010ffb213cf9dc7aed2a41e9') in 0.033786 seconds 
  Import took 0.039402 seconds .

========================================================================
Received Import Request.
  Time since last request: 0.000282 seconds.
  path: Assets/Materials/Robot Wrecked.mat
  artifactKey: Guid(be4f483102018e94ea3eb65d6a564dbf) Importer(815301076,1909f56bfc062723c751e8b465ee728b)
Start importing Assets/Materials/Robot Wrecked.mat using Guid(be4f483102018e94ea3eb65d6a564dbf) Importer(815301076,1909f56bfc062723c751e8b465ee728b)  -> (artifact id: 'b1a8b5dc9f03686bbcd07292e27ff30a') in 0.030385 seconds 
  Import took 0.035159 seconds .

========================================================================
Received Import Request.
  Time since last request: 0.000301 seconds.
  path: Assets/Materials/Turret.mat
  artifactKey: Guid(298d449cee174d445a9a7a3e2cc41bfa) Importer(815301076,1909f56bfc062723c751e8b465ee728b)
Start importing Assets/Materials/Turret.mat using Guid(298d449cee174d445a9a7a3e2cc41bfa) Importer(815301076,1909f56bfc062723c751e8b465ee728b)  -> (artifact id: '1525bf5d349bde0d18c1d593b92a98fe') in 0.036679 seconds 
  Import took 0.041880 seconds .

========================================================================
Received Prepare
Registering precompiled user dll's ...
Registered in 0.008329 seconds.
Begin MonoManager ReloadAssembly
Native extension for WindowsStandalone target not found
Native extension for WebGL target not found
Refreshing native plugins compatible for Editor in 0.61 ms, found 2 plugins.
Preloading 0 native plugins for Editor in 0.00 ms.
Mono: successfully reloaded assembly
- Completed reload, in  2.117 seconds
Domain Reload Profiling:
	ReloadAssembly (2118ms)
		BeginReloadAssembly (231ms)
			ExecutionOrderSort (0ms)
			DisableScriptedObjects (9ms)
			BackupInstance (0ms)
			ReleaseScriptingObjects (0ms)
			CreateAndSetChildDomain (78ms)
		EndReloadAssembly (1758ms)
			LoadAssemblies (191ms)
			RebuildTransferFunctionScriptingTraits (0ms)
			SetupTypeCache (574ms)
			ReleaseScriptCaches (1ms)
			RebuildScriptCaches (85ms)
			SetupLoadedEditorAssemblies (714ms)
				LogAssemblyErrors (0ms)
				InitializePlatformSupportModulesInManaged (15ms)
				SetLoadedEditorAssemblies (1ms)
				RefreshPlugins (1ms)
				BeforeProcessingInitializeOnLoad (115ms)
				ProcessInitializeOnLoadAttributes (553ms)
				ProcessInitializeOnLoadMethodAttributes (18ms)
				AfterProcessingInitializeOnLoad (10ms)
				EditorAssembliesLoaded (1ms)
			ExecutionOrderSort2 (0ms)
			AwakeInstancesAfterBackupRestoration (14ms)
Platform modules already initialized, skipping
Refreshing native plugins compatible for Editor in 0.73 ms, found 2 plugins.
Preloading 0 native plugins for Editor in 0.00 ms.
Unloading 1490 Unused Serialized files (Serialized files now loaded: 0)
System memory in use before: 70.8 MB.
System memory in use after: 70.9 MB.

Unloading 14 unused Assets to reduce memory usage. Loaded Objects now: 1982.
Total: 9.814900 ms (FindLiveObjects: 0.617800 ms CreateObjectMapping: 0.079700 ms MarkObjects: 9.074500 ms  DeleteObjects: 0.036500 ms)

AssetImportParameters requested are different than current active one (requested -> active):
  custom:framework-win-MediaFoundation: 216162199b28c13a410421893ffa2e32 -> 
  custom:video-decoder-ogg-theora: a1e56fd34408186e4bbccfd4996cb3dc -> 
  custom:container-muxer-webm: aa71ff27fc2769a1b78a27578f13a17b -> 
  custom:container-demuxer-webm: 4f35f7cbe854078d1ac9338744f61a02 -> 
  custom:container-demuxer-ogg: 62fdf1f143b41e24485cea50d1cbac27 -> 
  custom:video-encoder-webm-vp8: eb34c28f22e8b96e1ab97ce403110664 -> 
  custom:video-decoder-webm-vp8: 9c59270c3fd7afecdb556c50c9e8de78 -> 
  custom:audio-decoder-ogg-vorbis: bf7c407c2cedff20999df2af8eb42d56 -> 
  custom:audio-encoder-webm-vorbis: bf7c407c2cedff20999df2af8eb42d56 -> 
========================================================================
Received Prepare
Registering precompiled user dll's ...
Registered in 0.006570 seconds.
Begin MonoManager ReloadAssembly
Native extension for WindowsStandalone target not found
Native extension for WebGL target not found
Refreshing native plugins compatible for Editor in 0.49 ms, found 2 plugins.
Preloading 0 native plugins for Editor in 0.00 ms.
Mono: successfully reloaded assembly
- Completed reload, in  1.692 seconds
Domain Reload Profiling:
	ReloadAssembly (1692ms)
		BeginReloadAssembly (188ms)
			ExecutionOrderSort (0ms)
			DisableScriptedObjects (8ms)
			BackupInstance (0ms)
			ReleaseScriptingObjects (0ms)
			CreateAndSetChildDomain (63ms)
		EndReloadAssembly (1379ms)
			LoadAssemblies (149ms)
			RebuildTransferFunctionScriptingTraits (0ms)
			SetupTypeCache (511ms)
			ReleaseScriptCaches (1ms)
			RebuildScriptCaches (64ms)
			SetupLoadedEditorAssemblies (472ms)
				LogAssemblyErrors (0ms)
				InitializePlatformSupportModulesInManaged (9ms)
				SetLoadedEditorAssemblies (1ms)
				RefreshPlugins (1ms)
				BeforeProcessingInitializeOnLoad (84ms)
				ProcessInitializeOnLoadAttributes (354ms)
				ProcessInitializeOnLoadMethodAttributes (13ms)
				AfterProcessingInitializeOnLoad (10ms)
				EditorAssembliesLoaded (0ms)
			ExecutionOrderSort2 (0ms)
			AwakeInstancesAfterBackupRestoration (11ms)
Platform modules already initialized, skipping
Refreshing native plugins compatible for Editor in 2.14 ms, found 2 plugins.
Preloading 0 native plugins for Editor in 0.00 ms.
Unloading 1490 Unused Serialized files (Serialized files now loaded: 0)
System memory in use before: 70.8 MB.
System memory in use after: 70.9 MB.

Unloading 14 unused Assets to reduce memory usage. Loaded Objects now: 1984.
Total: 7.218200 ms (FindLiveObjects: 0.297300 ms CreateObjectMapping: 0.066500 ms MarkObjects: 6.814100 ms  DeleteObjects: 0.036300 ms)

AssetImportParameters requested are different than current active one (requested -> active):
  custom:framework-win-MediaFoundation: 216162199b28c13a410421893ffa2e32 -> 
  custom:video-decoder-ogg-theora: a1e56fd34408186e4bbccfd4996cb3dc -> 
  custom:container-muxer-webm: aa71ff27fc2769a1b78a27578f13a17b -> 
  custom:container-demuxer-webm: 4f35f7cbe854078d1ac9338744f61a02 -> 
  custom:container-demuxer-ogg: 62fdf1f143b41e24485cea50d1cbac27 -> 
  custom:video-encoder-webm-vp8: eb34c28f22e8b96e1ab97ce403110664 -> 
  custom:video-decoder-webm-vp8: 9c59270c3fd7afecdb556c50c9e8de78 -> 
  custom:audio-decoder-ogg-vorbis: bf7c407c2cedff20999df2af8eb42d56 -> 
  custom:audio-encoder-webm-vorbis: bf7c407c2cedff20999df2af8eb42d56 -> 
========================================================================
Received Prepare
Registering precompiled user dll's ...
Registered in 0.006222 seconds.
Begin MonoManager ReloadAssembly
Native extension for WindowsStandalone target not found
Native extension for WebGL target not found
Refreshing native plugins compatible for Editor in 0.62 ms, found 2 plugins.
Preloading 0 native plugins for Editor in 0.00 ms.
Mono: successfully reloaded assembly
- Completed reload, in  2.422 seconds
Domain Reload Profiling:
	ReloadAssembly (2423ms)
		BeginReloadAssembly (254ms)
			ExecutionOrderSort (0ms)
			DisableScriptedObjects (14ms)
			BackupInstance (0ms)
			ReleaseScriptingObjects (0ms)
			CreateAndSetChildDomain (74ms)
		EndReloadAssembly (1999ms)
			LoadAssemblies (239ms)
			RebuildTransferFunctionScriptingTraits (0ms)
			SetupTypeCache (695ms)
			ReleaseScriptCaches (1ms)
			RebuildScriptCaches (126ms)
			SetupLoadedEditorAssemblies (694ms)
				LogAssemblyErrors (0ms)
				InitializePlatformSupportModulesInManaged (16ms)
				SetLoadedEditorAssemblies (1ms)
				RefreshPlugins (1ms)
				BeforeProcessingInitializeOnLoad (114ms)
				ProcessInitializeOnLoadAttributes (526ms)
				ProcessInitializeOnLoadMethodAttributes (23ms)
				AfterProcessingInitializeOnLoad (13ms)
				EditorAssembliesLoaded (1ms)
			ExecutionOrderSort2 (0ms)
			AwakeInstancesAfterBackupRestoration (19ms)
Platform modules already initialized, skipping
Refreshing native plugins compatible for Editor in 0.93 ms, found 2 plugins.
Preloading 0 native plugins for Editor in 0.00 ms.
Unloading 1490 Unused Serialized files (Serialized files now loaded: 0)
System memory in use before: 70.8 MB.
System memory in use after: 70.9 MB.

Unloading 14 unused Assets to reduce memory usage. Loaded Objects now: 1986.
Total: 5.572800 ms (FindLiveObjects: 0.325100 ms CreateObjectMapping: 0.077700 ms MarkObjects: 5.138400 ms  DeleteObjects: 0.028500 ms)

AssetImportParameters requested are different than current active one (requested -> active):
  custom:framework-win-MediaFoundation: 216162199b28c13a410421893ffa2e32 -> 
  custom:video-decoder-ogg-theora: a1e56fd34408186e4bbccfd4996cb3dc -> 
  custom:container-muxer-webm: aa71ff27fc2769a1b78a27578f13a17b -> 
  custom:container-demuxer-webm: 4f35f7cbe854078d1ac9338744f61a02 -> 
  custom:container-demuxer-ogg: 62fdf1f143b41e24485cea50d1cbac27 -> 
  custom:video-encoder-webm-vp8: eb34c28f22e8b96e1ab97ce403110664 -> 
  custom:video-decoder-webm-vp8: 9c59270c3fd7afecdb556c50c9e8de78 -> 
  custom:audio-decoder-ogg-vorbis: bf7c407c2cedff20999df2af8eb42d56 -> 
  custom:audio-encoder-webm-vorbis: bf7c407c2cedff20999df2af8eb42d56 -> 
========================================================================
Received Prepare
Registering precompiled user dll's ...
Registered in 0.007532 seconds.
Begin MonoManager ReloadAssembly
Native extension for WindowsStandalone target not found
Native extension for WebGL target not found
Refreshing native plugins compatible for Editor in 1.52 ms, found 2 plugins.
Preloading 0 native plugins for Editor in 0.00 ms.
Mono: successfully reloaded assembly
- Completed reload, in  1.652 seconds
Domain Reload Profiling:
	ReloadAssembly (1653ms)
		BeginReloadAssembly (189ms)
			ExecutionOrderSort (0ms)
			DisableScriptedObjects (11ms)
			BackupInstance (0ms)
			ReleaseScriptingObjects (0ms)
			CreateAndSetChildDomain (60ms)
		EndReloadAssembly (1330ms)
			LoadAssemblies (162ms)
			RebuildTransferFunctionScriptingTraits (0ms)
			SetupTypeCache (465ms)
			ReleaseScriptCaches (1ms)
			RebuildScriptCaches (65ms)
			SetupLoadedEditorAssemblies (494ms)
				LogAssemblyErrors (0ms)
				InitializePlatformSupportModulesInManaged (10ms)
				SetLoadedEditorAssemblies (1ms)
				RefreshPlugins (2ms)
				BeforeProcessingInitializeOnLoad (87ms)
				ProcessInitializeOnLoadAttributes (371ms)
				ProcessInitializeOnLoadMethodAttributes (12ms)
				AfterProcessingInitializeOnLoad (9ms)
				EditorAssembliesLoaded (1ms)
			ExecutionOrderSort2 (0ms)
			AwakeInstancesAfterBackupRestoration (13ms)
Platform modules already initialized, skipping
Refreshing native plugins compatible for Editor in 1.12 ms, found 2 plugins.
Preloading 0 native plugins for Editor in 0.00 ms.
Unloading 1490 Unused Serialized files (Serialized files now loaded: 0)
System memory in use before: 70.8 MB.
System memory in use after: 70.9 MB.

Unloading 14 unused Assets to reduce memory usage. Loaded Objects now: 1988.
Total: 5.268000 ms (FindLiveObjects: 0.244800 ms CreateObjectMapping: 0.072500 ms MarkObjects: 4.896700 ms  DeleteObjects: 0.044200 ms)

AssetImportParameters requested are different than current active one (requested -> active):
  custom:framework-win-MediaFoundation: 216162199b28c13a410421893ffa2e32 -> 
  custom:video-decoder-ogg-theora: a1e56fd34408186e4bbccfd4996cb3dc -> 
  custom:container-muxer-webm: aa71ff27fc2769a1b78a27578f13a17b -> 
  custom:container-demuxer-webm: 4f35f7cbe854078d1ac9338744f61a02 -> 
  custom:container-demuxer-ogg: 62fdf1f143b41e24485cea50d1cbac27 -> 
  custom:video-encoder-webm-vp8: eb34c28f22e8b96e1ab97ce403110664 -> 
  custom:video-decoder-webm-vp8: 9c59270c3fd7afecdb556c50c9e8de78 -> 
  custom:audio-decoder-ogg-vorbis: bf7c407c2cedff20999df2af8eb42d56 -> 
  custom:audio-encoder-webm-vorbis: bf7c407c2cedff20999df2af8eb42d56 -> 
========================================================================
Received Prepare
Registering precompiled user dll's ...
Registered in 0.008813 seconds.
Begin MonoManager ReloadAssembly
Native extension for WindowsStandalone target not found
Native extension for WebGL target not found
Refreshing native plugins compatible for Editor in 1.16 ms, found 2 plugins.
Preloading 0 native plugins for Editor in 0.00 ms.
Mono: successfully reloaded assembly
- Completed reload, in  3.995 seconds
Domain Reload Profiling:
	ReloadAssembly (3997ms)
		BeginReloadAssembly (411ms)
			ExecutionOrderSort (0ms)
			DisableScriptedObjects (19ms)
			BackupInstance (0ms)
			ReleaseScriptingObjects (0ms)
			CreateAndSetChildDomain (105ms)
		EndReloadAssembly (3277ms)
			LoadAssemblies (410ms)
			RebuildTransferFunctionScriptingTraits (0ms)
			SetupTypeCache (1128ms)
			ReleaseScriptCaches (2ms)
			RebuildScriptCaches (150ms)
			SetupLoadedEditorAssemblies (1182ms)
				LogAssemblyErrors (0ms)
				InitializePlatformSupportModulesInManaged (31ms)
				SetLoadedEditorAssemblies (2ms)
				RefreshPlugins (1ms)
				BeforeProcessingInitializeOnLoad (245ms)
				ProcessInitializeOnLoadAttributes (851ms)
				ProcessInitializeOnLoadMethodAttributes (30ms)
				AfterProcessingInitializeOnLoad (20ms)
				EditorAssembliesLoaded (1ms)
			ExecutionOrderSort2 (0ms)
			AwakeInstancesAfterBackupRestoration (24ms)
Platform modules already initialized, skipping
Refreshing native plugins compatible for Editor in 1.34 ms, found 2 plugins.
Preloading 0 native plugins for Editor in 0.00 ms.
Unloading 1490 Unused Serialized files (Serialized files now loaded: 0)
System memory in use before: 70.8 MB.
System memory in use after: 70.9 MB.

Unloading 14 unused Assets to reduce memory usage. Loaded Objects now: 1990.
Total: 22.492900 ms (FindLiveObjects: 0.468700 ms CreateObjectMapping: 0.122100 ms MarkObjects: 21.830500 ms  DeleteObjects: 0.067500 ms)

AssetImportParameters requested are different than current active one (requested -> active):
  custom:framework-win-MediaFoundation: 216162199b28c13a410421893ffa2e32 -> 
  custom:video-decoder-ogg-theora: a1e56fd34408186e4bbccfd4996cb3dc -> 
  custom:container-muxer-webm: aa71ff27fc2769a1b78a27578f13a17b -> 
  custom:container-demuxer-webm: 4f35f7cbe854078d1ac9338744f61a02 -> 
  custom:container-demuxer-ogg: 62fdf1f143b41e24485cea50d1cbac27 -> 
  custom:video-encoder-webm-vp8: eb34c28f22e8b96e1ab97ce403110664 -> 
  custom:video-decoder-webm-vp8: 9c59270c3fd7afecdb556c50c9e8de78 -> 
  custom:audio-decoder-ogg-vorbis: bf7c407c2cedff20999df2af8eb42d56 -> 
  custom:audio-encoder-webm-vorbis: bf7c407c2cedff20999df2af8eb42d56 -> 
========================================================================
Received Prepare
Registering precompiled user dll's ...
Registered in 0.005420 seconds.
Begin MonoManager ReloadAssembly
Native extension for WindowsStandalone target not found
Native extension for WebGL target not found
Refreshing native plugins compatible for Editor in 0.45 ms, found 2 plugins.
Preloading 0 native plugins for Editor in 0.00 ms.
Mono: successfully reloaded assembly
- Completed reload, in  1.793 seconds
Domain Reload Profiling:
	ReloadAssembly (1794ms)
		BeginReloadAssembly (178ms)
			ExecutionOrderSort (0ms)
			DisableScriptedObjects (9ms)
			BackupInstance (0ms)
			ReleaseScriptingObjects (0ms)
			CreateAndSetChildDomain (55ms)
		EndReloadAssembly (1499ms)
			LoadAssemblies (145ms)
			RebuildTransferFunctionScriptingTraits (0ms)
			SetupTypeCache (661ms)
			ReleaseScriptCaches (2ms)
			RebuildScriptCaches (66ms)
			SetupLoadedEditorAssemblies (453ms)
				LogAssemblyErrors (0ms)
				InitializePlatformSupportModulesInManaged (10ms)
				SetLoadedEditorAssemblies (1ms)
				RefreshPlugins (1ms)
				BeforeProcessingInitializeOnLoad (80ms)
				ProcessInitializeOnLoadAttributes (340ms)
				ProcessInitializeOnLoadMethodAttributes (13ms)
				AfterProcessingInitializeOnLoad (8ms)
				EditorAssembliesLoaded (0ms)
			ExecutionOrderSort2 (0ms)
			AwakeInstancesAfterBackupRestoration (13ms)
Platform modules already initialized, skipping
Refreshing native plugins compatible for Editor in 0.66 ms, found 2 plugins.
Preloading 0 native plugins for Editor in 0.00 ms.
Unloading 1490 Unused Serialized files (Serialized files now loaded: 0)
System memory in use before: 70.8 MB.
System memory in use after: 70.9 MB.

Unloading 14 unused Assets to reduce memory usage. Loaded Objects now: 1992.
Total: 7.747400 ms (FindLiveObjects: 0.338000 ms CreateObjectMapping: 0.124100 ms MarkObjects: 7.245100 ms  DeleteObjects: 0.037700 ms)

AssetImportParameters requested are different than current active one (requested -> active):
  custom:framework-win-MediaFoundation: 216162199b28c13a410421893ffa2e32 -> 
  custom:video-decoder-ogg-theora: a1e56fd34408186e4bbccfd4996cb3dc -> 
  custom:container-muxer-webm: aa71ff27fc2769a1b78a27578f13a17b -> 
  custom:container-demuxer-webm: 4f35f7cbe854078d1ac9338744f61a02 -> 
  custom:container-demuxer-ogg: 62fdf1f143b41e24485cea50d1cbac27 -> 
  custom:video-encoder-webm-vp8: eb34c28f22e8b96e1ab97ce403110664 -> 
  custom:video-decoder-webm-vp8: 9c59270c3fd7afecdb556c50c9e8de78 -> 
  custom:audio-decoder-ogg-vorbis: bf7c407c2cedff20999df2af8eb42d56 -> 
  custom:audio-encoder-webm-vorbis: bf7c407c2cedff20999df2af8eb42d56 -> 
========================================================================
Received Prepare
Registering precompiled user dll's ...
Registered in 0.017812 seconds.
Begin MonoManager ReloadAssembly
Native extension for WindowsStandalone target not found
Native extension for WebGL target not found
Refreshing native plugins compatible for Editor in 1.12 ms, found 2 plugins.
Preloading 0 native plugins for Editor in 0.00 ms.
Mono: successfully reloaded assembly
- Completed reload, in  4.330 seconds
Domain Reload Profiling:
	ReloadAssembly (4332ms)
		BeginReloadAssembly (449ms)
			ExecutionOrderSort (0ms)
			DisableScriptedObjects (24ms)
			BackupInstance (0ms)
			ReleaseScriptingObjects (0ms)
			CreateAndSetChildDomain (139ms)
		EndReloadAssembly (3581ms)
			LoadAssemblies (394ms)
			RebuildTransferFunctionScriptingTraits (0ms)
			SetupTypeCache (1243ms)
			ReleaseScriptCaches (3ms)
			RebuildScriptCaches (169ms)
			SetupLoadedEditorAssemblies (1321ms)
				LogAssemblyErrors (0ms)
				InitializePlatformSupportModulesInManaged (26ms)
				SetLoadedEditorAssemblies (2ms)
				RefreshPlugins (1ms)
				BeforeProcessingInitializeOnLoad (229ms)
				ProcessInitializeOnLoadAttributes (997ms)
				ProcessInitializeOnLoadMethodAttributes (36ms)
				AfterProcessingInitializeOnLoad (28ms)
				EditorAssembliesLoaded (1ms)
			ExecutionOrderSort2 (0ms)
			AwakeInstancesAfterBackupRestoration (31ms)
Platform modules already initialized, skipping
Refreshing native plugins compatible for Editor in 1.35 ms, found 2 plugins.
Preloading 0 native plugins for Editor in 0.00 ms.
Unloading 1490 Unused Serialized files (Serialized files now loaded: 0)
System memory in use before: 70.8 MB.
System memory in use after: 70.9 MB.

Unloading 14 unused Assets to reduce memory usage. Loaded Objects now: 1994.
Total: 11.111800 ms (FindLiveObjects: 0.568100 ms CreateObjectMapping: 0.127600 ms MarkObjects: 10.359500 ms  DeleteObjects: 0.051900 ms)

AssetImportParameters requested are different than current active one (requested -> active):
  custom:framework-win-MediaFoundation: 216162199b28c13a410421893ffa2e32 -> 
  custom:video-decoder-ogg-theora: a1e56fd34408186e4bbccfd4996cb3dc -> 
  custom:container-muxer-webm: aa71ff27fc2769a1b78a27578f13a17b -> 
  custom:container-demuxer-webm: 4f35f7cbe854078d1ac9338744f61a02 -> 
  custom:container-demuxer-ogg: 62fdf1f143b41e24485cea50d1cbac27 -> 
  custom:video-encoder-webm-vp8: eb34c28f22e8b96e1ab97ce403110664 -> 
  custom:video-decoder-webm-vp8: 9c59270c3fd7afecdb556c50c9e8de78 -> 
  custom:audio-decoder-ogg-vorbis: bf7c407c2cedff20999df2af8eb42d56 -> 
  custom:audio-encoder-webm-vorbis: bf7c407c2cedff20999df2af8eb42d56 -> 
========================================================================
Received Import Request.
  Time since last request: 1282.806538 seconds.
  path: Assets/Materials/Robot Wrecked.mat
  artifactKey: Guid(be4f483102018e94ea3eb65d6a564dbf) Importer(815301076,1909f56bfc062723c751e8b465ee728b)
Start importing Assets/Materials/Robot Wrecked.mat using Guid(be4f483102018e94ea3eb65d6a564dbf) Importer(815301076,1909f56bfc062723c751e8b465ee728b)  -> (artifact id: '742a5cbe14483ec9826889cf13a8b4f5') in 0.114127 seconds 
  Import took 0.121037 seconds .

========================================================================
Received Import Request.
  Time since last request: 0.000207 seconds.
  path: Assets/Materials/Robot.mat
  artifactKey: Guid(5b7808566d3acb5439832f58b7b9493e) Importer(815301076,1909f56bfc062723c751e8b465ee728b)
Start importing Assets/Materials/Robot.mat using Guid(5b7808566d3acb5439832f58b7b9493e) Importer(815301076,1909f56bfc062723c751e8b465ee728b)  -> (artifact id: '3258edd8bac4a4360efbc95110081b4b') in 0.033762 seconds 
  Import took 0.041097 seconds .

========================================================================
Received Prepare
Registering precompiled user dll's ...
Registered in 0.006151 seconds.
Begin MonoManager ReloadAssembly
Native extension for WindowsStandalone target not found
Native extension for WebGL target not found
Refreshing native plugins compatible for Editor in 0.47 ms, found 2 plugins.
Preloading 0 native plugins for Editor in 0.00 ms.
Mono: successfully reloaded assembly
- Completed reload, in  1.721 seconds
Domain Reload Profiling:
	ReloadAssembly (1722ms)
		BeginReloadAssembly (184ms)
			ExecutionOrderSort (0ms)
			DisableScriptedObjects (8ms)
			BackupInstance (0ms)
			ReleaseScriptingObjects (0ms)
			CreateAndSetChildDomain (59ms)
		EndReloadAssembly (1421ms)
			LoadAssemblies (148ms)
			RebuildTransferFunctionScriptingTraits (0ms)
			SetupTypeCache (504ms)
			ReleaseScriptCaches (1ms)
			RebuildScriptCaches (69ms)
			SetupLoadedEditorAssemblies (518ms)
				LogAssemblyErrors (0ms)
				InitializePlatformSupportModulesInManaged (12ms)
				SetLoadedEditorAssemblies (1ms)
				RefreshPlugins (1ms)
				BeforeProcessingInitializeOnLoad (88ms)
				ProcessInitializeOnLoadAttributes (391ms)
				ProcessInitializeOnLoadMethodAttributes (14ms)
				AfterProcessingInitializeOnLoad (11ms)
				EditorAssembliesLoaded (0ms)
			ExecutionOrderSort2 (0ms)
			AwakeInstancesAfterBackupRestoration (14ms)
Platform modules already initialized, skipping
Refreshing native plugins compatible for Editor in 0.48 ms, found 2 plugins.
Preloading 0 native plugins for Editor in 0.00 ms.
Unloading 1490 Unused Serialized files (Serialized files now loaded: 0)
System memory in use before: 70.9 MB.
System memory in use after: 71.0 MB.

Unloading 14 unused Assets to reduce memory usage. Loaded Objects now: 1997.
Total: 5.312400 ms (FindLiveObjects: 0.407300 ms CreateObjectMapping: 0.063000 ms MarkObjects: 4.766300 ms  DeleteObjects: 0.071000 ms)

AssetImportParameters requested are different than current active one (requested -> active):
  custom:framework-win-MediaFoundation: 216162199b28c13a410421893ffa2e32 -> 
  custom:video-decoder-ogg-theora: a1e56fd34408186e4bbccfd4996cb3dc -> 
  custom:container-muxer-webm: aa71ff27fc2769a1b78a27578f13a17b -> 
  custom:container-demuxer-webm: 4f35f7cbe854078d1ac9338744f61a02 -> 
  custom:container-demuxer-ogg: 62fdf1f143b41e24485cea50d1cbac27 -> 
  custom:video-encoder-webm-vp8: eb34c28f22e8b96e1ab97ce403110664 -> 
  custom:video-decoder-webm-vp8: 9c59270c3fd7afecdb556c50c9e8de78 -> 
  custom:audio-decoder-ogg-vorbis: bf7c407c2cedff20999df2af8eb42d56 -> 
  custom:audio-encoder-webm-vorbis: bf7c407c2cedff20999df2af8eb42d56 -> 
========================================================================
Received Prepare
Registering precompiled user dll's ...
Registered in 0.009613 seconds.
Begin MonoManager ReloadAssembly
Native extension for WindowsStandalone target not found
Native extension for WebGL target not found
Refreshing native plugins compatible for Editor in 0.78 ms, found 2 plugins.
Preloading 0 native plugins for Editor in 0.00 ms.
Mono: successfully reloaded assembly
- Completed reload, in  1.641 seconds
Domain Reload Profiling:
	ReloadAssembly (1642ms)
		BeginReloadAssembly (171ms)
			ExecutionOrderSort (0ms)
			DisableScriptedObjects (8ms)
			BackupInstance (0ms)
			ReleaseScriptingObjects (0ms)
			CreateAndSetChildDomain (54ms)
		EndReloadAssembly (1322ms)
			LoadAssemblies (151ms)
			RebuildTransferFunctionScriptingTraits (0ms)
			SetupTypeCache (438ms)
			ReleaseScriptCaches (1ms)
			RebuildScriptCaches (59ms)
			SetupLoadedEditorAssemblies (523ms)
				LogAssemblyErrors (0ms)
				InitializePlatformSupportModulesInManaged (8ms)
				SetLoadedEditorAssemblies (1ms)
				RefreshPlugins (1ms)
				BeforeProcessingInitializeOnLoad (119ms)
				ProcessInitializeOnLoadAttributes (372ms)
				ProcessInitializeOnLoadMethodAttributes (14ms)
				AfterProcessingInitializeOnLoad (8ms)
				EditorAssembliesLoaded (0ms)
			ExecutionOrderSort2 (0ms)
			AwakeInstancesAfterBackupRestoration (10ms)
Platform modules already initialized, skipping
Refreshing native plugins compatible for Editor in 0.62 ms, found 2 plugins.
Preloading 0 native plugins for Editor in 0.00 ms.
Unloading 1490 Unused Serialized files (Serialized files now loaded: 0)
System memory in use before: 70.9 MB.
System memory in use after: 71.0 MB.

Unloading 14 unused Assets to reduce memory usage. Loaded Objects now: 1999.
Total: 5.915700 ms (FindLiveObjects: 0.288800 ms CreateObjectMapping: 0.086400 ms MarkObjects: 5.499700 ms  DeleteObjects: 0.028500 ms)

AssetImportParameters requested are different than current active one (requested -> active):
  custom:framework-win-MediaFoundation: 216162199b28c13a410421893ffa2e32 -> 
  custom:video-decoder-ogg-theora: a1e56fd34408186e4bbccfd4996cb3dc -> 
  custom:container-muxer-webm: aa71ff27fc2769a1b78a27578f13a17b -> 
  custom:container-demuxer-webm: 4f35f7cbe854078d1ac9338744f61a02 -> 
  custom:container-demuxer-ogg: 62fdf1f143b41e24485cea50d1cbac27 -> 
  custom:video-encoder-webm-vp8: eb34c28f22e8b96e1ab97ce403110664 -> 
  custom:video-decoder-webm-vp8: 9c59270c3fd7afecdb556c50c9e8de78 -> 
  custom:audio-decoder-ogg-vorbis: bf7c407c2cedff20999df2af8eb42d56 -> 
  custom:audio-encoder-webm-vorbis: bf7c407c2cedff20999df2af8eb42d56 -> 
========================================================================
Received Prepare
Registering precompiled user dll's ...
Registered in 0.006672 seconds.
Begin MonoManager ReloadAssembly
Native extension for WindowsStandalone target not found
Native extension for WebGL target not found
Refreshing native plugins compatible for Editor in 0.77 ms, found 2 plugins.
Preloading 0 native plugins for Editor in 0.00 ms.
Mono: successfully reloaded assembly
- Completed reload, in  2.624 seconds
Domain Reload Profiling:
	ReloadAssembly (2625ms)
		BeginReloadAssembly (236ms)
			ExecutionOrderSort (0ms)
			DisableScriptedObjects (11ms)
			BackupInstance (0ms)
			ReleaseScriptingObjects (0ms)
			CreateAndSetChildDomain (76ms)
		EndReloadAssembly (2225ms)
			LoadAssemblies (233ms)
			RebuildTransferFunctionScriptingTraits (0ms)
			SetupTypeCache (1022ms)
			ReleaseScriptCaches (1ms)
			RebuildScriptCaches (83ms)
			SetupLoadedEditorAssemblies (681ms)
				LogAssemblyErrors (0ms)
				InitializePlatformSupportModulesInManaged (12ms)
				SetLoadedEditorAssemblies (2ms)
				RefreshPlugins (1ms)
				BeforeProcessingInitializeOnLoad (110ms)
				ProcessInitializeOnLoadAttributes (524ms)
				ProcessInitializeOnLoadMethodAttributes (21ms)
				AfterProcessingInitializeOnLoad (11ms)
				EditorAssembliesLoaded (1ms)
			ExecutionOrderSort2 (0ms)
			AwakeInstancesAfterBackupRestoration (16ms)
Platform modules already initialized, skipping
Refreshing native plugins compatible for Editor in 0.72 ms, found 2 plugins.
Preloading 0 native plugins for Editor in 0.00 ms.
Unloading 1490 Unused Serialized files (Serialized files now loaded: 0)
System memory in use before: 70.9 MB.
System memory in use after: 71.0 MB.

Unloading 14 unused Assets to reduce memory usage. Loaded Objects now: 2001.
Total: 6.590600 ms (FindLiveObjects: 0.294300 ms CreateObjectMapping: 0.081200 ms MarkObjects: 6.180500 ms  DeleteObjects: 0.031900 ms)

AssetImportParameters requested are different than current active one (requested -> active):
  custom:framework-win-MediaFoundation: 216162199b28c13a410421893ffa2e32 -> 
  custom:video-decoder-ogg-theora: a1e56fd34408186e4bbccfd4996cb3dc -> 
  custom:container-muxer-webm: aa71ff27fc2769a1b78a27578f13a17b -> 
  custom:container-demuxer-webm: 4f35f7cbe854078d1ac9338744f61a02 -> 
  custom:container-demuxer-ogg: 62fdf1f143b41e24485cea50d1cbac27 -> 
  custom:video-encoder-webm-vp8: eb34c28f22e8b96e1ab97ce403110664 -> 
  custom:video-decoder-webm-vp8: 9c59270c3fd7afecdb556c50c9e8de78 -> 
  custom:audio-decoder-ogg-vorbis: bf7c407c2cedff20999df2af8eb42d56 -> 
  custom:audio-encoder-webm-vorbis: bf7c407c2cedff20999df2af8eb42d56 -> 
========================================================================
Received Import Request.
  Time since last request: 1850.498189 seconds.
  path: Assets/mymodels
  artifactKey: Guid(4fbf405bdd1ab954b8e1967c3fdc1209) Importer(815301076,1909f56bfc062723c751e8b465ee728b)
Start importing Assets/mymodels using Guid(4fbf405bdd1ab954b8e1967c3fdc1209) Importer(815301076,1909f56bfc062723c751e8b465ee728b)  -> (artifact id: '9d9a8eb96399c9e44fcb118cf2a40409') in 0.028033 seconds 
  Import took 0.035489 seconds .

========================================================================
Received Import Request.
  Time since last request: 21.461439 seconds.
  path: Assets/mymodels/Ch24_nonPBR.fbx
  artifactKey: Guid(4567e772ed52a5448be9c145a1c9c5d1) Importer(815301076,1909f56bfc062723c751e8b465ee728b)
Start importing Assets/mymodels/Ch24_nonPBR.fbx using Guid(4567e772ed52a5448be9c145a1c9c5d1) Importer(815301076,1909f56bfc062723c751e8b465ee728b)  -> (artifact id: '5aead4ca3e20cfdc1ab5b1a84e6d9246') in 1.587587 seconds 
  Import took 1.594777 seconds .

========================================================================
Received Import Request.
  Time since last request: 0.000440 seconds.
  path: Assets/mymodels/xbot@Death From The Back.fbx
  artifactKey: Guid(48eea37d96835fc4e8d15d50c131e5f0) Importer(815301076,1909f56bfc062723c751e8b465ee728b)
Start importing Assets/mymodels/xbot@Death From The Back.fbx using Guid(48eea37d96835fc4e8d15d50c131e5f0) Importer(815301076,1909f56bfc062723c751e8b465ee728b)  -> (artifact id: 'e0410e59f6ead8df1ac1d0f85298a474') in 0.279162 seconds 
  Import took 0.288546 seconds .

========================================================================
Received Import Request.
  Time since last request: 0.000489 seconds.
  path: Assets/mymodels/xbot@Defeated.fbx
  artifactKey: Guid(abf7aad18bb9cf44da928fbbc123f12b) Importer(815301076,1909f56bfc062723c751e8b465ee728b)
Start importing Assets/mymodels/xbot@Defeated.fbx using Guid(abf7aad18bb9cf44da928fbbc123f12b) Importer(815301076,1909f56bfc062723c751e8b465ee728b)  -> (artifact id: 'bc36b2a8fd648865458d1c262baa0f61') in 0.184272 seconds 
  Import took 0.194672 seconds .

========================================================================
Received Import Request.
  Time since last request: 290.570328 seconds.
  path: Assets/mymodels/Ch24_nonPBR.fbx
  artifactKey: Guid(4567e772ed52a5448be9c145a1c9c5d1) Importer(815301076,1909f56bfc062723c751e8b465ee728b)
Start importing Assets/mymodels/Ch24_nonPBR.fbx using Guid(4567e772ed52a5448be9c145a1c9c5d1) Importer(815301076,1909f56bfc062723c751e8b465ee728b)  -> (artifact id: '31baa5c784b9a3517c67e56edc67d7a1') in 0.106875 seconds 
  Import took 0.112847 seconds .

========================================================================
Received Import Request.
  Time since last request: 27.688518 seconds.
  path: Assets/mymodels/Ch24_nonPBR.fbx
  artifactKey: Guid(4567e772ed52a5448be9c145a1c9c5d1) Importer(815301076,1909f56bfc062723c751e8b465ee728b)
Start importing Assets/mymodels/Ch24_nonPBR.fbx using Guid(4567e772ed52a5448be9c145a1c9c5d1) Importer(815301076,1909f56bfc062723c751e8b465ee728b)  -> (artifact id: '218fbd62c46d889619f76ed56e499645') in 0.089699 seconds 
  Import took 0.093912 seconds .

========================================================================
Received Import Request.
  Time since last request: 132.552107 seconds.
  path: Assets/mymodels/New Animator Controller.controller
  artifactKey: Guid(b4ec7541c282369478392d526176c91f) Importer(815301076,1909f56bfc062723c751e8b465ee728b)
Start importing Assets/mymodels/New Animator Controller.controller using Guid(b4ec7541c282369478392d526176c91f) Importer(815301076,1909f56bfc062723c751e8b465ee728b)  -> (artifact id: 'f7c86553031072c87cc9449924a1155a') in 0.019798 seconds 
  Import took 0.024292 seconds .

========================================================================
Received Import Request.
  Time since last request: 23.097036 seconds.
  path: Assets/mymodels/xbot@Death From The Back.fbx
  artifactKey: Guid(48eea37d96835fc4e8d15d50c131e5f0) Importer(815301076,1909f56bfc062723c751e8b465ee728b)
Start importing Assets/mymodels/xbot@Death From The Back.fbx using Guid(48eea37d96835fc4e8d15d50c131e5f0) Importer(815301076,1909f56bfc062723c751e8b465ee728b)  -> (artifact id: '8a66788275c1812cd1469d90b421c959') in 0.102259 seconds 
  Import took 0.107684 seconds .

========================================================================
Received Import Request.
  Time since last request: 13.714749 seconds.
  path: Assets/mymodels/xbot@Defeated.fbx
  artifactKey: Guid(abf7aad18bb9cf44da928fbbc123f12b) Importer(815301076,1909f56bfc062723c751e8b465ee728b)
Start importing Assets/mymodels/xbot@Defeated.fbx using Guid(abf7aad18bb9cf44da928fbbc123f12b) Importer(815301076,1909f56bfc062723c751e8b465ee728b)  -> (artifact id: '02d3f2fb0b86253eaa33499da85b870d') in 0.109786 seconds 
  Import took 0.115540 seconds .

========================================================================
Received Import Request.
  Time since last request: 10.000231 seconds.
  path: Assets/mymodels/xbot@Death From The Back.fbx
  artifactKey: Guid(48eea37d96835fc4e8d15d50c131e5f0) Importer(815301076,1909f56bfc062723c751e8b465ee728b)
Start importing Assets/mymodels/xbot@Death From The Back.fbx using Guid(48eea37d96835fc4e8d15d50c131e5f0) Importer(815301076,1909f56bfc062723c751e8b465ee728b)  -> (artifact id: '0d3bcd8ef75cd4577b1c854bcc5aa2ed') in 0.090778 seconds 
  Import took 0.097990 seconds .

========================================================================
Received Import Request.
  Time since last request: 50.956498 seconds.
  path: Assets/mymodels/dead.controller
  artifactKey: Guid(b4ec7541c282369478392d526176c91f) Importer(815301076,1909f56bfc062723c751e8b465ee728b)
Start importing Assets/mymodels/dead.controller using Guid(b4ec7541c282369478392d526176c91f) Importer(815301076,1909f56bfc062723c751e8b465ee728b)  -> (artifact id: 'ef6cc621e905236859b8272f2519edb1') in 0.015626 seconds 
  Import took 0.022567 seconds .

========================================================================
Received Import Request.
  Time since last request: 8.021890 seconds.
  path: Assets/mymodels/def.controller
  artifactKey: Guid(59167c92dd64e1b4d9ab7627b71a85ed) Importer(815301076,1909f56bfc062723c751e8b465ee728b)
Start importing Assets/mymodels/def.controller using Guid(59167c92dd64e1b4d9ab7627b71a85ed) Importer(815301076,1909f56bfc062723c751e8b465ee728b)  -> (artifact id: '0c40afa59834609b7c7472b48037de7a') in 0.018992 seconds 
  Import took 0.025599 seconds .

========================================================================
Received Import Request.
  Time since last request: 17.303671 seconds.
  path: Assets/mymodels/Textures
  artifactKey: Guid(8e6e9a50040e28b47b6a118f0d3fae7c) Importer(815301076,1909f56bfc062723c751e8b465ee728b)
Start importing Assets/mymodels/Textures using Guid(8e6e9a50040e28b47b6a118f0d3fae7c) Importer(815301076,1909f56bfc062723c751e8b465ee728b)  -> (artifact id: '60b30febdf443b574a21db193bff25e1') in 0.014739 seconds 
  Import took 0.021600 seconds .

========================================================================
Received Import Request.
  Time since last request: 0.161755 seconds.
  path: Assets/mymodels/Textures/Ch24_1001_Diffuse.png
  artifactKey: Guid(11efa2f77ffb99b42838376e353ada67) Importer(815301076,1909f56bfc062723c751e8b465ee728b)
Start importing Assets/mymodels/Textures/Ch24_1001_Diffuse.png using Guid(11efa2f77ffb99b42838376e353ada67) Importer(815301076,1909f56bfc062723c751e8b465ee728b)  -> (artifact id: '4b6632cb6f0f16f991a5a27a3dd3130d') in 0.037917 seconds 
  Import took 0.042613 seconds .

========================================================================
Received Import Request.
  Time since last request: 0.000232 seconds.
  path: Assets/mymodels/Textures/Checker.png
  artifactKey: Guid(e522a71f781eecf4e880d7b147348d0f) Importer(815301076,1909f56bfc062723c751e8b465ee728b)
Start importing Assets/mymodels/Textures/Checker.png using Guid(e522a71f781eecf4e880d7b147348d0f) Importer(815301076,1909f56bfc062723c751e8b465ee728b)  -> (artifact id: '9934136d956ca53a17e9148a9697e3d2') in 0.023704 seconds 
  Import took 0.028216 seconds .

========================================================================
Received Import Request.
  Time since last request: 0.000410 seconds.
  path: Assets/mymodels/Textures/White Square.png
  artifactKey: Guid(b5fcdb00df072504eaf6b522e834d067) Importer(815301076,1909f56bfc062723c751e8b465ee728b)
Start importing Assets/mymodels/Textures/White Square.png using Guid(b5fcdb00df072504eaf6b522e834d067) Importer(815301076,1909f56bfc062723c751e8b465ee728b)  -> (artifact id: '5fff104568a092b5df3caf6c85967bf6') in 0.035391 seconds 
  Import took 0.041914 seconds .

========================================================================
Received Import Request.
  Time since last request: 0.000431 seconds.
  path: Assets/mymodels/Textures/Ch24_1001_Normal.png
  artifactKey: Guid(30329c9329bc6654c9765e33dbff06d6) Importer(815301076,1909f56bfc062723c751e8b465ee728b)
Start importing Assets/mymodels/Textures/Ch24_1001_Normal.png using Guid(30329c9329bc6654c9765e33dbff06d6) Importer(815301076,1909f56bfc062723c751e8b465ee728b)  -> (artifact id: '219b97ca4bf73a083e825c8e9ea2c6e7') in 0.049221 seconds 
  Import took 0.057616 seconds .

========================================================================
Received Import Request.
  Time since last request: 0.001192 seconds.
  path: Assets/mymodels/Textures/Ch24_1001_Specular.png
  artifactKey: Guid(04a8463c660b2944182b555a127d8e09) Importer(815301076,1909f56bfc062723c751e8b465ee728b)
Start importing Assets/mymodels/Textures/Ch24_1001_Specular.png using Guid(04a8463c660b2944182b555a127d8e09) Importer(815301076,1909f56bfc062723c751e8b465ee728b)  -> (artifact id: '852d5c8ac5e1f179fb5e4795db3143ea') in 0.024824 seconds 
  Import took 0.034707 seconds .

========================================================================
Received Import Request.
  Time since last request: 0.000526 seconds.
  path: Assets/mymodels/Textures/Ch24_1001_Glossiness.png
  artifactKey: Guid(ec179f63f4235d94ca1fb7337a134837) Importer(815301076,1909f56bfc062723c751e8b465ee728b)
Start importing Assets/mymodels/Textures/Ch24_1001_Glossiness.png using Guid(ec179f63f4235d94ca1fb7337a134837) Importer(815301076,1909f56bfc062723c751e8b465ee728b)  -> (artifact id: '022221ef55ee053ba958418cbb7219ec') in 0.028664 seconds 
  Import took 0.033704 seconds .

========================================================================
Received Import Request.
  Time since last request: 0.000387 seconds.
  path: Assets/mymodels/Textures/Damaged Square.png
  artifactKey: Guid(997d7d58274ab8c44ad87cfa73c76e96) Importer(815301076,1909f56bfc062723c751e8b465ee728b)
Start importing Assets/mymodels/Textures/Damaged Square.png using Guid(997d7d58274ab8c44ad87cfa73c76e96) Importer(815301076,1909f56bfc062723c751e8b465ee728b)  -> (artifact id: '5b8042e14f6eea3a9e95c64af6551832') in 0.024225 seconds 
  Import took 0.031533 seconds .

========================================================================
Received Import Request.
  Time since last request: 3.249282 seconds.
  path: Assets/mymodels/Materials
  artifactKey: Guid(8dc9c210cb5eece42b7291b2b388ba39) Importer(815301076,1909f56bfc062723c751e8b465ee728b)
Start importing Assets/mymodels/Materials using Guid(8dc9c210cb5eece42b7291b2b388ba39) Importer(815301076,1909f56bfc062723c751e8b465ee728b)  -> (artifact id: '40413ae597ac608a0efe19026aa586a3') in 0.017234 seconds 
  Import took 0.021028 seconds .

========================================================================
Received Import Request.
  Time since last request: 0.082515 seconds.
  path: Assets/mymodels/Materials/asdf1_Beta_HighLimbsGeoSG2 1.mat
  artifactKey: Guid(0bea5c84b68ebcb45b625d8a8055e93d) Importer(815301076,1909f56bfc062723c751e8b465ee728b)
Start importing Assets/mymodels/Materials/asdf1_Beta_HighLimbsGeoSG2 1.mat using Guid(0bea5c84b68ebcb45b625d8a8055e93d) Importer(815301076,1909f56bfc062723c751e8b465ee728b)  -> (artifact id: 'c01be7061a00812f582400497d0b5d85') in 0.027592 seconds 
  Import took 0.031924 seconds .

========================================================================
Received Import Request.
  Time since last request: 0.000243 seconds.
  path: Assets/mymodels/Materials/asdf1_Beta_HighLimbsGeoSG2.mat
  artifactKey: Guid(43aa991a128bb5940a35bdd3e0d942d1) Importer(815301076,1909f56bfc062723c751e8b465ee728b)
Start importing Assets/mymodels/Materials/asdf1_Beta_HighLimbsGeoSG2.mat using Guid(43aa991a128bb5940a35bdd3e0d942d1) Importer(815301076,1909f56bfc062723c751e8b465ee728b)  -> (artifact id: '7348b24174c7c8334e800edc4f25a47d') in 0.032662 seconds 
  Import took 0.036747 seconds .

========================================================================
Received Import Request.
  Time since last request: 0.000275 seconds.
  path: Assets/mymodels/Materials/Projectile.mat
  artifactKey: Guid(1f122603e3b309049b0943c56930315d) Importer(815301076,1909f56bfc062723c751e8b465ee728b)
Start importing Assets/mymodels/Materials/Projectile.mat using Guid(1f122603e3b309049b0943c56930315d) Importer(815301076,1909f56bfc062723c751e8b465ee728b)  -> (artifact id: '8e05c35042a4abf5b645c90c946c5c29') in 0.036267 seconds 
  Import took 0.042699 seconds .

========================================================================
Received Import Request.
  Time since last request: 0.000392 seconds.
  path: Assets/mymodels/Materials/Ch24_Body.mat
  artifactKey: Guid(80c1d6b4ee834654dacff668cc76e3ae) Importer(815301076,1909f56bfc062723c751e8b465ee728b)
Start importing Assets/mymodels/Materials/Ch24_Body.mat using Guid(80c1d6b4ee834654dacff668cc76e3ae) Importer(815301076,1909f56bfc062723c751e8b465ee728b)  -> (artifact id: '6e3ff9aa1f5d9be90466ac2c742e1d4a') in 0.049739 seconds 
  Import took 0.055471 seconds .

========================================================================
Received Import Request.
  Time since last request: 0.000244 seconds.
  path: Assets/mymodels/Materials/Turret.mat
  artifactKey: Guid(eadb40ad626ff174ea9783e149c9bebe) Importer(815301076,1909f56bfc062723c751e8b465ee728b)
Start importing Assets/mymodels/Materials/Turret.mat using Guid(eadb40ad626ff174ea9783e149c9bebe) Importer(815301076,1909f56bfc062723c751e8b465ee728b)  -> (artifact id: '37bb2a1797b875bec74d307b0a0d53e5') in 0.026469 seconds 
  Import took 0.030831 seconds .

========================================================================
Received Import Request.
  Time since last request: 0.000294 seconds.
  path: Assets/mymodels/Materials/Block.mat
  artifactKey: Guid(9d6b3aa09842a8845a823691bac45e6b) Importer(815301076,1909f56bfc062723c751e8b465ee728b)
Start importing Assets/mymodels/Materials/Block.mat using Guid(9d6b3aa09842a8845a823691bac45e6b) Importer(815301076,1909f56bfc062723c751e8b465ee728b)  -> (artifact id: 'e546a5a233f4d1aebd10c8b60b1ff7a5') in 0.025389 seconds 
  Import took 0.032800 seconds .

========================================================================
Received Import Request.
  Time since last request: 0.000354 seconds.
  path: Assets/mymodels/Materials/Beta_Joints_MAT.mat
  artifactKey: Guid(449e169a5c7c3ff46855a54da7c14ebe) Importer(815301076,1909f56bfc062723c751e8b465ee728b)
Start importing Assets/mymodels/Materials/Beta_Joints_MAT.mat using Guid(449e169a5c7c3ff46855a54da7c14ebe) Importer(815301076,1909f56bfc062723c751e8b465ee728b)  -> (artifact id: '2f16e197e401a754748749cc255d314c') in 0.031017 seconds 
  Import took 0.036560 seconds .

========================================================================
Received Import Request.
  Time since last request: 0.000318 seconds.
  path: Assets/mymodels/Materials/Floor.mat
  artifactKey: Guid(d453dfa30984fde4996736d9043314c6) Importer(815301076,1909f56bfc062723c751e8b465ee728b)
Start importing Assets/mymodels/Materials/Floor.mat using Guid(d453dfa30984fde4996736d9043314c6) Importer(815301076,1909f56bfc062723c751e8b465ee728b)  -> (artifact id: 'a866f8042359175bfd15aa0e3c35029f') in 0.030788 seconds 
  Import took 0.037254 seconds .

========================================================================
Received Import Request.
  Time since last request: 0.000527 seconds.
  path: Assets/mymodels/Materials/Robot.mat
  artifactKey: Guid(f22e161a5c7498e4ebae825eb22f69d4) Importer(815301076,1909f56bfc062723c751e8b465ee728b)
Start importing Assets/mymodels/Materials/Robot.mat using Guid(f22e161a5c7498e4ebae825eb22f69d4) Importer(815301076,1909f56bfc062723c751e8b465ee728b)  -> (artifact id: '31b5deba84f369316e2b8ab9b0c246c5') in 0.031207 seconds 
  Import took 0.037410 seconds .

========================================================================
Received Import Request.
  Time since last request: 0.000304 seconds.
  path: Assets/mymodels/Materials/Beta_Joints_MAT 1.mat
  artifactKey: Guid(302281b968acd2a4997261471163eb13) Importer(815301076,1909f56bfc062723c751e8b465ee728b)
Start importing Assets/mymodels/Materials/Beta_Joints_MAT 1.mat using Guid(302281b968acd2a4997261471163eb13) Importer(815301076,1909f56bfc062723c751e8b465ee728b)  -> (artifact id: '2f0c609c5fa08496322c7d54726d4707') in 0.029365 seconds 
  Import took 0.036613 seconds .

========================================================================
Received Import Request.
  Time since last request: 0.000281 seconds.
  path: Assets/mymodels/Materials/Robot Wrecked.mat
  artifactKey: Guid(f86f1852b1c7d844481573f392936ef2) Importer(815301076,1909f56bfc062723c751e8b465ee728b)
Start importing Assets/mymodels/Materials/Robot Wrecked.mat using Guid(f86f1852b1c7d844481573f392936ef2) Importer(815301076,1909f56bfc062723c751e8b465ee728b)  -> (artifact id: '725ea172f0d20dcd6cd2c83878982030') in 0.029087 seconds 
  Import took 0.033597 seconds .

========================================================================
Received Prepare
Registering precompiled user dll's ...
Registered in 0.011924 seconds.
Begin MonoManager ReloadAssembly
Native extension for WindowsStandalone target not found
Native extension for WebGL target not found
Refreshing native plugins compatible for Editor in 0.55 ms, found 2 plugins.
Preloading 0 native plugins for Editor in 0.00 ms.
Mono: successfully reloaded assembly
- Completed reload, in  1.558 seconds
Domain Reload Profiling:
	ReloadAssembly (1559ms)
		BeginReloadAssembly (174ms)
			ExecutionOrderSort (0ms)
			DisableScriptedObjects (7ms)
			BackupInstance (0ms)
			ReleaseScriptingObjects (0ms)
			CreateAndSetChildDomain (51ms)
		EndReloadAssembly (1270ms)
			LoadAssemblies (146ms)
			RebuildTransferFunctionScriptingTraits (0ms)
			SetupTypeCache (431ms)
			ReleaseScriptCaches (3ms)
			RebuildScriptCaches (59ms)
			SetupLoadedEditorAssemblies (475ms)
				LogAssemblyErrors (0ms)
				InitializePlatformSupportModulesInManaged (10ms)
				SetLoadedEditorAssemblies (1ms)
				RefreshPlugins (1ms)
				BeforeProcessingInitializeOnLoad (86ms)
				ProcessInitializeOnLoadAttributes (354ms)
				ProcessInitializeOnLoadMethodAttributes (14ms)
				AfterProcessingInitializeOnLoad (9ms)
				EditorAssembliesLoaded (0ms)
			ExecutionOrderSort2 (0ms)
			AwakeInstancesAfterBackupRestoration (10ms)
Platform modules already initialized, skipping
Refreshing native plugins compatible for Editor in 0.72 ms, found 2 plugins.
Preloading 0 native plugins for Editor in 0.00 ms.
Unloading 1490 Unused Serialized files (Serialized files now loaded: 0)
System memory in use before: 84.7 MB.
System memory in use after: 84.8 MB.

Unloading 14 unused Assets to reduce memory usage. Loaded Objects now: 2010.
Total: 6.376600 ms (FindLiveObjects: 0.259800 ms CreateObjectMapping: 0.067400 ms MarkObjects: 6.016400 ms  DeleteObjects: 0.030700 ms)

AssetImportParameters requested are different than current active one (requested -> active):
  custom:framework-win-MediaFoundation: 216162199b28c13a410421893ffa2e32 -> 
  custom:video-decoder-ogg-theora: a1e56fd34408186e4bbccfd4996cb3dc -> 
  custom:container-muxer-webm: aa71ff27fc2769a1b78a27578f13a17b -> 
  custom:container-demuxer-webm: 4f35f7cbe854078d1ac9338744f61a02 -> 
  custom:container-demuxer-ogg: 62fdf1f143b41e24485cea50d1cbac27 -> 
  custom:video-encoder-webm-vp8: eb34c28f22e8b96e1ab97ce403110664 -> 
  custom:video-decoder-webm-vp8: 9c59270c3fd7afecdb556c50c9e8de78 -> 
  custom:audio-decoder-ogg-vorbis: bf7c407c2cedff20999df2af8eb42d56 -> 
  custom:audio-encoder-webm-vorbis: bf7c407c2cedff20999df2af8eb42d56 -> 
========================================================================
Received Import Request.
  Time since last request: 970.830215 seconds.
  path: Assets/Scripts/WreckOnCollision.cs
  artifactKey: Guid(2cbcbe59a9bfbaf4b86c502fa6477b22) Importer(815301076,1909f56bfc062723c751e8b465ee728b)
Start importing Assets/Scripts/WreckOnCollision.cs using Guid(2cbcbe59a9bfbaf4b86c502fa6477b22) Importer(815301076,1909f56bfc062723c751e8b465ee728b)  -> (artifact id: 'a785f35dd1164d03df429e0e41884ffb') in 0.023421 seconds 
  Import took 0.029226 seconds .

========================================================================
Received Import Request.
  Time since last request: 240.857571 seconds.
  path: Assets/mymodels/Ch24_nonPBR@Death From The Back.fbx
  artifactKey: Guid(5d32fcaab53f3784ba90e71f60d34cde) Importer(815301076,1909f56bfc062723c751e8b465ee728b)
Start importing Assets/mymodels/Ch24_nonPBR@Death From The Back.fbx using Guid(5d32fcaab53f3784ba90e71f60d34cde) Importer(815301076,1909f56bfc062723c751e8b465ee728b)  -> (artifact id: '197131c880ede5dbcafa492b729394a7') in 0.210505 seconds 
  Import took 0.216966 seconds .

========================================================================
Received Import Request.
  Time since last request: 0.000322 seconds.
  path: Assets/mymodels/Ch24_nonPBR@Defeated.fbx
  artifactKey: Guid(6e42f853b2deeb74fb631d8ec9b9c69e) Importer(815301076,1909f56bfc062723c751e8b465ee728b)
Start importing Assets/mymodels/Ch24_nonPBR@Defeated.fbx using Guid(6e42f853b2deeb74fb631d8ec9b9c69e) Importer(815301076,1909f56bfc062723c751e8b465ee728b)  -> (artifact id: 'f6c53b1adefbf1fd4553dbbffe70ecfd') in 0.080593 seconds 
  Import took 0.084960 seconds .

========================================================================
Received Import Request.
  Time since last request: 12.020435 seconds.
  path: Assets/mymodels/Ch24_nonPBR@Death From The Back.fbx
  artifactKey: Guid(5d32fcaab53f3784ba90e71f60d34cde) Importer(815301076,1909f56bfc062723c751e8b465ee728b)
Start importing Assets/mymodels/Ch24_nonPBR@Death From The Back.fbx using Guid(5d32fcaab53f3784ba90e71f60d34cde) Importer(815301076,1909f56bfc062723c751e8b465ee728b)  -> (artifact id: '485704a5b458887ebe4969390856b468') in 0.085193 seconds 
  Import took 0.089906 seconds .

========================================================================
Received Import Request.
  Time since last request: 6.008507 seconds.
  path: Assets/mymodels/Ch24_nonPBR@Defeated.fbx
  artifactKey: Guid(6e42f853b2deeb74fb631d8ec9b9c69e) Importer(815301076,1909f56bfc062723c751e8b465ee728b)
Start importing Assets/mymodels/Ch24_nonPBR@Defeated.fbx using Guid(6e42f853b2deeb74fb631d8ec9b9c69e) Importer(815301076,1909f56bfc062723c751e8b465ee728b)  -> (artifact id: '87741c686852e85c66f060995b86c2b3') in 0.083495 seconds 
  Import took 0.089571 seconds .

========================================================================
Received Import Request.
  Time since last request: 18.410732 seconds.
  path: Assets/mymodels/Ch24_nonPBR@Death From The Back.fbx
  artifactKey: Guid(5d32fcaab53f3784ba90e71f60d34cde) Importer(815301076,1909f56bfc062723c751e8b465ee728b)
Start importing Assets/mymodels/Ch24_nonPBR@Death From The Back.fbx using Guid(5d32fcaab53f3784ba90e71f60d34cde) Importer(815301076,1909f56bfc062723c751e8b465ee728b)  -> (artifact id: '30473e8435d15fc625e5253542477340') in 0.081083 seconds 
  Import took 0.086907 seconds .

========================================================================
Received Import Request.
  Time since last request: 9.042488 seconds.
  path: Assets/mymodels/Ch24_nonPBR@Death From The Back.fbx
  artifactKey: Guid(5d32fcaab53f3784ba90e71f60d34cde) Importer(815301076,1909f56bfc062723c751e8b465ee728b)
Start importing Assets/mymodels/Ch24_nonPBR@Death From The Back.fbx using Guid(5d32fcaab53f3784ba90e71f60d34cde) Importer(815301076,1909f56bfc062723c751e8b465ee728b)  -> (artifact id: '00468bb7cbaedb436807834a2ff4c05c') in 0.074698 seconds 
  Import took 0.082477 seconds .

========================================================================
Received Import Request.
  Time since last request: 19.284036 seconds.
  path: Assets/mymodels/Ch24_nonPBR@Defeated.fbx
  artifactKey: Guid(6e42f853b2deeb74fb631d8ec9b9c69e) Importer(815301076,1909f56bfc062723c751e8b465ee728b)
Start importing Assets/mymodels/Ch24_nonPBR@Defeated.fbx using Guid(6e42f853b2deeb74fb631d8ec9b9c69e) Importer(815301076,1909f56bfc062723c751e8b465ee728b)  -> (artifact id: 'c1ea60d35eabb95f005e32cf0fc36a26') in 0.084785 seconds 
  Import took 0.090708 seconds .

========================================================================
Received Import Request.
  Time since last request: 8.032345 seconds.
  path: Assets/mymodels/Ch24_nonPBR@Defeated.fbx
  artifactKey: Guid(6e42f853b2deeb74fb631d8ec9b9c69e) Importer(815301076,1909f56bfc062723c751e8b465ee728b)
Start importing Assets/mymodels/Ch24_nonPBR@Defeated.fbx using Guid(6e42f853b2deeb74fb631d8ec9b9c69e) Importer(815301076,1909f56bfc062723c751e8b465ee728b)  -> (artifact id: '2421606ba9d8bf3f3b04e78d5c96847b') in 0.079389 seconds 
  Import took 0.087215 seconds .

AssetImportWorkerClient::OnTransportError - code=2 error=End of file
